ARM GAS  C:\Users\Admin\AppData\Local\Temp\ccZWLm31.s 			page 1


   1              		.cpu cortex-m4
   2              		.arch armv7e-m
   3              		.fpu fpv4-sp-d16
   4              		.eabi_attribute 27, 1
   5              		.eabi_attribute 28, 1
   6              		.eabi_attribute 20, 1
   7              		.eabi_attribute 21, 1
   8              		.eabi_attribute 23, 3
   9              		.eabi_attribute 24, 1
  10              		.eabi_attribute 25, 1
  11              		.eabi_attribute 26, 1
  12              		.eabi_attribute 30, 1
  13              		.eabi_attribute 34, 1
  14              		.eabi_attribute 18, 4
  15              		.file	"stm32wbxx_it.c"
  16              		.text
  17              	.Ltext0:
  18              		.cfi_sections	.debug_frame
  19              		.file 1 "Core/Src/stm32wbxx_it.c"
  20              		.section	.text.NMI_Handler,"ax",%progbits
  21              		.align	1
  22              		.global	NMI_Handler
  23              		.syntax unified
  24              		.thumb
  25              		.thumb_func
  27              	NMI_Handler:
  28              	.LFB954:
   1:Core/Src/stm32wbxx_it.c **** /* USER CODE BEGIN Header */
   2:Core/Src/stm32wbxx_it.c **** /**
   3:Core/Src/stm32wbxx_it.c ****   ******************************************************************************
   4:Core/Src/stm32wbxx_it.c ****   * @file    stm32wbxx_it.c
   5:Core/Src/stm32wbxx_it.c ****   * @brief   Interrupt Service Routines.
   6:Core/Src/stm32wbxx_it.c ****   ******************************************************************************
   7:Core/Src/stm32wbxx_it.c ****   * @attention
   8:Core/Src/stm32wbxx_it.c ****   *
   9:Core/Src/stm32wbxx_it.c ****   * Copyright (c) 2023 STMicroelectronics.
  10:Core/Src/stm32wbxx_it.c ****   * All rights reserved.
  11:Core/Src/stm32wbxx_it.c ****   *
  12:Core/Src/stm32wbxx_it.c ****   * This software is licensed under terms that can be found in the LICENSE file
  13:Core/Src/stm32wbxx_it.c ****   * in the root directory of this software component.
  14:Core/Src/stm32wbxx_it.c ****   * If no LICENSE file comes with this software, it is provided AS-IS.
  15:Core/Src/stm32wbxx_it.c ****   *
  16:Core/Src/stm32wbxx_it.c ****   ******************************************************************************
  17:Core/Src/stm32wbxx_it.c ****   */
  18:Core/Src/stm32wbxx_it.c **** /* USER CODE END Header */
  19:Core/Src/stm32wbxx_it.c **** 
  20:Core/Src/stm32wbxx_it.c **** /* Includes ------------------------------------------------------------------*/
  21:Core/Src/stm32wbxx_it.c **** #include "main.h"
  22:Core/Src/stm32wbxx_it.c **** #include "stm32wbxx_it.h"
  23:Core/Src/stm32wbxx_it.c **** #include "FreeRTOS.h"
  24:Core/Src/stm32wbxx_it.c **** #include "task.h"
  25:Core/Src/stm32wbxx_it.c **** /* Private includes ----------------------------------------------------------*/
  26:Core/Src/stm32wbxx_it.c **** /* USER CODE BEGIN Includes */
  27:Core/Src/stm32wbxx_it.c **** /* USER CODE END Includes */
  28:Core/Src/stm32wbxx_it.c **** 
  29:Core/Src/stm32wbxx_it.c **** /* Private typedef -----------------------------------------------------------*/
  30:Core/Src/stm32wbxx_it.c **** /* USER CODE BEGIN TD */
ARM GAS  C:\Users\Admin\AppData\Local\Temp\ccZWLm31.s 			page 2


  31:Core/Src/stm32wbxx_it.c **** 
  32:Core/Src/stm32wbxx_it.c **** /* USER CODE END TD */
  33:Core/Src/stm32wbxx_it.c **** 
  34:Core/Src/stm32wbxx_it.c **** /* Private define ------------------------------------------------------------*/
  35:Core/Src/stm32wbxx_it.c **** /* USER CODE BEGIN PD */
  36:Core/Src/stm32wbxx_it.c **** 
  37:Core/Src/stm32wbxx_it.c **** /* USER CODE END PD */
  38:Core/Src/stm32wbxx_it.c **** 
  39:Core/Src/stm32wbxx_it.c **** /* Private macro -------------------------------------------------------------*/
  40:Core/Src/stm32wbxx_it.c **** /* USER CODE BEGIN PM */
  41:Core/Src/stm32wbxx_it.c **** 
  42:Core/Src/stm32wbxx_it.c **** /* USER CODE END PM */
  43:Core/Src/stm32wbxx_it.c **** 
  44:Core/Src/stm32wbxx_it.c **** /* Private variables ---------------------------------------------------------*/
  45:Core/Src/stm32wbxx_it.c **** /* USER CODE BEGIN PV */
  46:Core/Src/stm32wbxx_it.c **** 
  47:Core/Src/stm32wbxx_it.c **** /* USER CODE END PV */
  48:Core/Src/stm32wbxx_it.c **** 
  49:Core/Src/stm32wbxx_it.c **** /* Private function prototypes -----------------------------------------------*/
  50:Core/Src/stm32wbxx_it.c **** /* USER CODE BEGIN PFP */
  51:Core/Src/stm32wbxx_it.c **** 
  52:Core/Src/stm32wbxx_it.c **** /* USER CODE END PFP */
  53:Core/Src/stm32wbxx_it.c **** 
  54:Core/Src/stm32wbxx_it.c **** /* Private user code ---------------------------------------------------------*/
  55:Core/Src/stm32wbxx_it.c **** /* USER CODE BEGIN 0 */
  56:Core/Src/stm32wbxx_it.c **** 
  57:Core/Src/stm32wbxx_it.c **** /* USER CODE END 0 */
  58:Core/Src/stm32wbxx_it.c **** 
  59:Core/Src/stm32wbxx_it.c **** /* External variables --------------------------------------------------------*/
  60:Core/Src/stm32wbxx_it.c **** 
  61:Core/Src/stm32wbxx_it.c **** /* USER CODE BEGIN EV */
  62:Core/Src/stm32wbxx_it.c **** 
  63:Core/Src/stm32wbxx_it.c **** /* USER CODE END EV */
  64:Core/Src/stm32wbxx_it.c **** 
  65:Core/Src/stm32wbxx_it.c **** /******************************************************************************/
  66:Core/Src/stm32wbxx_it.c **** /*           Cortex Processor Interruption and Exception Handlers          */
  67:Core/Src/stm32wbxx_it.c **** /******************************************************************************/
  68:Core/Src/stm32wbxx_it.c **** /**
  69:Core/Src/stm32wbxx_it.c ****   * @brief This function handles Non maskable interrupt.
  70:Core/Src/stm32wbxx_it.c ****   */
  71:Core/Src/stm32wbxx_it.c **** void NMI_Handler(void)
  72:Core/Src/stm32wbxx_it.c **** {
  29              		.loc 1 72 1 view -0
  30              		.cfi_startproc
  31              		@ Volatile: function does not return.
  32              		@ args = 0, pretend = 0, frame = 0
  33              		@ frame_needed = 0, uses_anonymous_args = 0
  34              		@ link register save eliminated.
  35              	.L2:
  73:Core/Src/stm32wbxx_it.c ****   /* USER CODE BEGIN NonMaskableInt_IRQn 0 */
  74:Core/Src/stm32wbxx_it.c **** 
  75:Core/Src/stm32wbxx_it.c ****   /* USER CODE END NonMaskableInt_IRQn 0 */
  76:Core/Src/stm32wbxx_it.c ****   /* USER CODE BEGIN NonMaskableInt_IRQn 1 */
  77:Core/Src/stm32wbxx_it.c ****   while (1)
  36              		.loc 1 77 3 discriminator 1 view .LVU1
  78:Core/Src/stm32wbxx_it.c ****   {
  79:Core/Src/stm32wbxx_it.c ****   }
ARM GAS  C:\Users\Admin\AppData\Local\Temp\ccZWLm31.s 			page 3


  37              		.loc 1 79 3 discriminator 1 view .LVU2
  77:Core/Src/stm32wbxx_it.c ****   {
  38              		.loc 1 77 9 discriminator 1 view .LVU3
  39 0000 FEE7     		b	.L2
  40              		.cfi_endproc
  41              	.LFE954:
  43              		.section	.text.HardFault_Handler,"ax",%progbits
  44              		.align	1
  45              		.global	HardFault_Handler
  46              		.syntax unified
  47              		.thumb
  48              		.thumb_func
  50              	HardFault_Handler:
  51              	.LFB955:
  80:Core/Src/stm32wbxx_it.c ****   /* USER CODE END NonMaskableInt_IRQn 1 */
  81:Core/Src/stm32wbxx_it.c **** }
  82:Core/Src/stm32wbxx_it.c **** 
  83:Core/Src/stm32wbxx_it.c **** /**
  84:Core/Src/stm32wbxx_it.c ****   * @brief This function handles Hard fault interrupt.
  85:Core/Src/stm32wbxx_it.c ****   */
  86:Core/Src/stm32wbxx_it.c **** void HardFault_Handler(void)
  87:Core/Src/stm32wbxx_it.c **** {
  52              		.loc 1 87 1 view -0
  53              		.cfi_startproc
  54              		@ Volatile: function does not return.
  55              		@ args = 0, pretend = 0, frame = 0
  56              		@ frame_needed = 0, uses_anonymous_args = 0
  57              		@ link register save eliminated.
  58              	.L4:
  88:Core/Src/stm32wbxx_it.c ****   /* USER CODE BEGIN HardFault_IRQn 0 */
  89:Core/Src/stm32wbxx_it.c **** 
  90:Core/Src/stm32wbxx_it.c ****   /* USER CODE END HardFault_IRQn 0 */
  91:Core/Src/stm32wbxx_it.c ****   while (1)
  59              		.loc 1 91 3 discriminator 1 view .LVU5
  92:Core/Src/stm32wbxx_it.c ****   {
  93:Core/Src/stm32wbxx_it.c ****     /* USER CODE BEGIN W1_HardFault_IRQn 0 */
  94:Core/Src/stm32wbxx_it.c ****     /* USER CODE END W1_HardFault_IRQn 0 */
  95:Core/Src/stm32wbxx_it.c ****   }
  60              		.loc 1 95 3 discriminator 1 view .LVU6
  91:Core/Src/stm32wbxx_it.c ****   {
  61              		.loc 1 91 9 discriminator 1 view .LVU7
  62 0000 FEE7     		b	.L4
  63              		.cfi_endproc
  64              	.LFE955:
  66              		.section	.text.MemManage_Handler,"ax",%progbits
  67              		.align	1
  68              		.global	MemManage_Handler
  69              		.syntax unified
  70              		.thumb
  71              		.thumb_func
  73              	MemManage_Handler:
  74              	.LFB956:
  96:Core/Src/stm32wbxx_it.c **** }
  97:Core/Src/stm32wbxx_it.c **** 
  98:Core/Src/stm32wbxx_it.c **** /**
  99:Core/Src/stm32wbxx_it.c ****   * @brief This function handles Memory management fault.
 100:Core/Src/stm32wbxx_it.c ****   */
ARM GAS  C:\Users\Admin\AppData\Local\Temp\ccZWLm31.s 			page 4


 101:Core/Src/stm32wbxx_it.c **** void MemManage_Handler(void)
 102:Core/Src/stm32wbxx_it.c **** {
  75              		.loc 1 102 1 view -0
  76              		.cfi_startproc
  77              		@ Volatile: function does not return.
  78              		@ args = 0, pretend = 0, frame = 0
  79              		@ frame_needed = 0, uses_anonymous_args = 0
  80              		@ link register save eliminated.
  81              	.L6:
 103:Core/Src/stm32wbxx_it.c ****   /* USER CODE BEGIN MemoryManagement_IRQn 0 */
 104:Core/Src/stm32wbxx_it.c **** 
 105:Core/Src/stm32wbxx_it.c ****   /* USER CODE END MemoryManagement_IRQn 0 */
 106:Core/Src/stm32wbxx_it.c ****   while (1)
  82              		.loc 1 106 3 discriminator 1 view .LVU9
 107:Core/Src/stm32wbxx_it.c ****   {
 108:Core/Src/stm32wbxx_it.c ****     /* USER CODE BEGIN W1_MemoryManagement_IRQn 0 */
 109:Core/Src/stm32wbxx_it.c ****     /* USER CODE END W1_MemoryManagement_IRQn 0 */
 110:Core/Src/stm32wbxx_it.c ****   }
  83              		.loc 1 110 3 discriminator 1 view .LVU10
 106:Core/Src/stm32wbxx_it.c ****   {
  84              		.loc 1 106 9 discriminator 1 view .LVU11
  85 0000 FEE7     		b	.L6
  86              		.cfi_endproc
  87              	.LFE956:
  89              		.section	.text.BusFault_Handler,"ax",%progbits
  90              		.align	1
  91              		.global	BusFault_Handler
  92              		.syntax unified
  93              		.thumb
  94              		.thumb_func
  96              	BusFault_Handler:
  97              	.LFB957:
 111:Core/Src/stm32wbxx_it.c **** }
 112:Core/Src/stm32wbxx_it.c **** 
 113:Core/Src/stm32wbxx_it.c **** /**
 114:Core/Src/stm32wbxx_it.c ****   * @brief This function handles Prefetch fault, memory access fault.
 115:Core/Src/stm32wbxx_it.c ****   */
 116:Core/Src/stm32wbxx_it.c **** void BusFault_Handler(void)
 117:Core/Src/stm32wbxx_it.c **** {
  98              		.loc 1 117 1 view -0
  99              		.cfi_startproc
 100              		@ Volatile: function does not return.
 101              		@ args = 0, pretend = 0, frame = 0
 102              		@ frame_needed = 0, uses_anonymous_args = 0
 103              		@ link register save eliminated.
 104              	.L8:
 118:Core/Src/stm32wbxx_it.c ****   /* USER CODE BEGIN BusFault_IRQn 0 */
 119:Core/Src/stm32wbxx_it.c **** 
 120:Core/Src/stm32wbxx_it.c ****   /* USER CODE END BusFault_IRQn 0 */
 121:Core/Src/stm32wbxx_it.c ****   while (1)
 105              		.loc 1 121 3 discriminator 1 view .LVU13
 122:Core/Src/stm32wbxx_it.c ****   {
 123:Core/Src/stm32wbxx_it.c ****     /* USER CODE BEGIN W1_BusFault_IRQn 0 */
 124:Core/Src/stm32wbxx_it.c ****     /* USER CODE END W1_BusFault_IRQn 0 */
 125:Core/Src/stm32wbxx_it.c ****   }
 106              		.loc 1 125 3 discriminator 1 view .LVU14
 121:Core/Src/stm32wbxx_it.c ****   {
ARM GAS  C:\Users\Admin\AppData\Local\Temp\ccZWLm31.s 			page 5


 107              		.loc 1 121 9 discriminator 1 view .LVU15
 108 0000 FEE7     		b	.L8
 109              		.cfi_endproc
 110              	.LFE957:
 112              		.section	.text.UsageFault_Handler,"ax",%progbits
 113              		.align	1
 114              		.global	UsageFault_Handler
 115              		.syntax unified
 116              		.thumb
 117              		.thumb_func
 119              	UsageFault_Handler:
 120              	.LFB958:
 126:Core/Src/stm32wbxx_it.c **** }
 127:Core/Src/stm32wbxx_it.c **** 
 128:Core/Src/stm32wbxx_it.c **** /**
 129:Core/Src/stm32wbxx_it.c ****   * @brief This function handles Undefined instruction or illegal state.
 130:Core/Src/stm32wbxx_it.c ****   */
 131:Core/Src/stm32wbxx_it.c **** void UsageFault_Handler(void)
 132:Core/Src/stm32wbxx_it.c **** {
 121              		.loc 1 132 1 view -0
 122              		.cfi_startproc
 123              		@ Volatile: function does not return.
 124              		@ args = 0, pretend = 0, frame = 0
 125              		@ frame_needed = 0, uses_anonymous_args = 0
 126              		@ link register save eliminated.
 127              	.L10:
 133:Core/Src/stm32wbxx_it.c ****   /* USER CODE BEGIN UsageFault_IRQn 0 */
 134:Core/Src/stm32wbxx_it.c **** 
 135:Core/Src/stm32wbxx_it.c ****   /* USER CODE END UsageFault_IRQn 0 */
 136:Core/Src/stm32wbxx_it.c ****   while (1)
 128              		.loc 1 136 3 discriminator 1 view .LVU17
 137:Core/Src/stm32wbxx_it.c ****   {
 138:Core/Src/stm32wbxx_it.c ****     /* USER CODE BEGIN W1_UsageFault_IRQn 0 */
 139:Core/Src/stm32wbxx_it.c ****     /* USER CODE END W1_UsageFault_IRQn 0 */
 140:Core/Src/stm32wbxx_it.c ****   }
 129              		.loc 1 140 3 discriminator 1 view .LVU18
 136:Core/Src/stm32wbxx_it.c ****   {
 130              		.loc 1 136 9 discriminator 1 view .LVU19
 131 0000 FEE7     		b	.L10
 132              		.cfi_endproc
 133              	.LFE958:
 135              		.section	.text.DebugMon_Handler,"ax",%progbits
 136              		.align	1
 137              		.global	DebugMon_Handler
 138              		.syntax unified
 139              		.thumb
 140              		.thumb_func
 142              	DebugMon_Handler:
 143              	.LFB959:
 141:Core/Src/stm32wbxx_it.c **** }
 142:Core/Src/stm32wbxx_it.c **** 
 143:Core/Src/stm32wbxx_it.c **** /**
 144:Core/Src/stm32wbxx_it.c ****   * @brief This function handles Debug monitor.
 145:Core/Src/stm32wbxx_it.c ****   */
 146:Core/Src/stm32wbxx_it.c **** void DebugMon_Handler(void)
 147:Core/Src/stm32wbxx_it.c **** {
 144              		.loc 1 147 1 view -0
ARM GAS  C:\Users\Admin\AppData\Local\Temp\ccZWLm31.s 			page 6


 145              		.cfi_startproc
 146              		@ args = 0, pretend = 0, frame = 0
 147              		@ frame_needed = 0, uses_anonymous_args = 0
 148              		@ link register save eliminated.
 148:Core/Src/stm32wbxx_it.c ****   /* USER CODE BEGIN DebugMonitor_IRQn 0 */
 149:Core/Src/stm32wbxx_it.c **** 
 150:Core/Src/stm32wbxx_it.c ****   /* USER CODE END DebugMonitor_IRQn 0 */
 151:Core/Src/stm32wbxx_it.c ****   /* USER CODE BEGIN DebugMonitor_IRQn 1 */
 152:Core/Src/stm32wbxx_it.c **** 
 153:Core/Src/stm32wbxx_it.c ****   /* USER CODE END DebugMonitor_IRQn 1 */
 154:Core/Src/stm32wbxx_it.c **** }
 149              		.loc 1 154 1 view .LVU21
 150 0000 7047     		bx	lr
 151              		.cfi_endproc
 152              	.LFE959:
 154              		.section	.text.SysTick_Handler,"ax",%progbits
 155              		.align	1
 156              		.global	SysTick_Handler
 157              		.syntax unified
 158              		.thumb
 159              		.thumb_func
 161              	SysTick_Handler:
 162              	.LFB960:
 155:Core/Src/stm32wbxx_it.c **** 
 156:Core/Src/stm32wbxx_it.c **** /**
 157:Core/Src/stm32wbxx_it.c ****   * @brief This function handles System tick timer.
 158:Core/Src/stm32wbxx_it.c ****   */
 159:Core/Src/stm32wbxx_it.c **** void SysTick_Handler(void)
 160:Core/Src/stm32wbxx_it.c **** {
 163              		.loc 1 160 1 view -0
 164              		.cfi_startproc
 165              		@ args = 0, pretend = 0, frame = 0
 166              		@ frame_needed = 0, uses_anonymous_args = 0
 167 0000 08B5     		push	{r3, lr}
 168              		.cfi_def_cfa_offset 8
 169              		.cfi_offset 3, -8
 170              		.cfi_offset 14, -4
 161:Core/Src/stm32wbxx_it.c ****   /* USER CODE BEGIN SysTick_IRQn 0 */
 162:Core/Src/stm32wbxx_it.c **** 
 163:Core/Src/stm32wbxx_it.c ****   /* USER CODE END SysTick_IRQn 0 */
 164:Core/Src/stm32wbxx_it.c ****   HAL_IncTick();
 171              		.loc 1 164 3 view .LVU23
 172 0002 FFF7FEFF 		bl	HAL_IncTick
 173              	.LVL0:
 165:Core/Src/stm32wbxx_it.c **** #if (INCLUDE_xTaskGetSchedulerState == 1 )
 166:Core/Src/stm32wbxx_it.c ****   if (xTaskGetSchedulerState() != taskSCHEDULER_NOT_STARTED)
 174              		.loc 1 166 3 view .LVU24
 175              		.loc 1 166 7 is_stmt 0 view .LVU25
 176 0006 FFF7FEFF 		bl	xTaskGetSchedulerState
 177              	.LVL1:
 178              		.loc 1 166 6 view .LVU26
 179 000a 0128     		cmp	r0, #1
 180 000c 00D1     		bne	.L15
 181              	.L12:
 167:Core/Src/stm32wbxx_it.c ****   {
 168:Core/Src/stm32wbxx_it.c **** #endif /* INCLUDE_xTaskGetSchedulerState */
 169:Core/Src/stm32wbxx_it.c ****   xPortSysTickHandler();
ARM GAS  C:\Users\Admin\AppData\Local\Temp\ccZWLm31.s 			page 7


 170:Core/Src/stm32wbxx_it.c **** #if (INCLUDE_xTaskGetSchedulerState == 1 )
 171:Core/Src/stm32wbxx_it.c ****   }
 172:Core/Src/stm32wbxx_it.c **** #endif /* INCLUDE_xTaskGetSchedulerState */
 173:Core/Src/stm32wbxx_it.c ****   /* USER CODE BEGIN SysTick_IRQn 1 */
 174:Core/Src/stm32wbxx_it.c **** 
 175:Core/Src/stm32wbxx_it.c ****   /* USER CODE END SysTick_IRQn 1 */
 176:Core/Src/stm32wbxx_it.c **** }
 182              		.loc 1 176 1 view .LVU27
 183 000e 08BD     		pop	{r3, pc}
 184              	.L15:
 169:Core/Src/stm32wbxx_it.c **** #if (INCLUDE_xTaskGetSchedulerState == 1 )
 185              		.loc 1 169 3 is_stmt 1 view .LVU28
 186 0010 FFF7FEFF 		bl	xPortSysTickHandler
 187              	.LVL2:
 188              		.loc 1 176 1 is_stmt 0 view .LVU29
 189 0014 FBE7     		b	.L12
 190              		.cfi_endproc
 191              	.LFE960:
 193              		.text
 194              	.Letext0:
 195              		.file 2 "Core/Inc/FreeRTOSConfig.h"
 196              		.file 3 "Drivers/STM32WBxx_HAL_Driver/Inc/stm32wbxx_hal.h"
 197              		.file 4 "Middlewares/Third_Party/FreeRTOS/Source/portable/GCC/ARM_CM4F/portmacro.h"
 198              		.file 5 "Middlewares/Third_Party/FreeRTOS/Source/include/task.h"
ARM GAS  C:\Users\Admin\AppData\Local\Temp\ccZWLm31.s 			page 8


DEFINED SYMBOLS
                            *ABS*:00000000 stm32wbxx_it.c
C:\Users\Admin\AppData\Local\Temp\ccZWLm31.s:21     .text.NMI_Handler:00000000 $t
C:\Users\Admin\AppData\Local\Temp\ccZWLm31.s:27     .text.NMI_Handler:00000000 NMI_Handler
C:\Users\Admin\AppData\Local\Temp\ccZWLm31.s:44     .text.HardFault_Handler:00000000 $t
C:\Users\Admin\AppData\Local\Temp\ccZWLm31.s:50     .text.HardFault_Handler:00000000 HardFault_Handler
C:\Users\Admin\AppData\Local\Temp\ccZWLm31.s:67     .text.MemManage_Handler:00000000 $t
C:\Users\Admin\AppData\Local\Temp\ccZWLm31.s:73     .text.MemManage_Handler:00000000 MemManage_Handler
C:\Users\Admin\AppData\Local\Temp\ccZWLm31.s:90     .text.BusFault_Handler:00000000 $t
C:\Users\Admin\AppData\Local\Temp\ccZWLm31.s:96     .text.BusFault_Handler:00000000 BusFault_Handler
C:\Users\Admin\AppData\Local\Temp\ccZWLm31.s:113    .text.UsageFault_Handler:00000000 $t
C:\Users\Admin\AppData\Local\Temp\ccZWLm31.s:119    .text.UsageFault_Handler:00000000 UsageFault_Handler
C:\Users\Admin\AppData\Local\Temp\ccZWLm31.s:136    .text.DebugMon_Handler:00000000 $t
C:\Users\Admin\AppData\Local\Temp\ccZWLm31.s:142    .text.DebugMon_Handler:00000000 DebugMon_Handler
C:\Users\Admin\AppData\Local\Temp\ccZWLm31.s:155    .text.SysTick_Handler:00000000 $t
C:\Users\Admin\AppData\Local\Temp\ccZWLm31.s:161    .text.SysTick_Handler:00000000 SysTick_Handler

UNDEFINED SYMBOLS
HAL_IncTick
xTaskGetSchedulerState
xPortSysTickHandler
